<?xml version="1.0" encoding="UTF-8"?>
<!-- Generated by org.testng.reporters.JUnitReportReporter -->
<testsuite hostname="VIK" failures="0" tests="1" name="automation_proj.module.tc.TC_Signup" time="37.876" errors="0" timestamp="30 Mar 2022 06:10:38 GMT" skipped="0">
  <testcase classname="automation_proj.module.tc.TC_Signup" name="signUp" time="37.876"/>
</testsuite> <!-- automation_proj.module.tc.TC_Signup -->
